<?xml version="1.0" encoding="utf-8"?><testsuites><testsuite name="pytest" errors="0" failures="1" skipped="0" tests="1" time="0.049" timestamp="2024-11-12T13:55:39.234315+07:00" hostname="Tarasato-PC"><testcase classname="test_app" name="test_add" time="0.001"><failure message="assert 15 == 20&#10; +  where 15 = add(10, 5)">def test_add():
        assert add(2, 3) == 5
        assert add(-1, 1) == 0
&gt;       assert add(10, 5) == 20
E       assert 15 == 20
E        +  where 15 = add(10, 5)

test_app.py:8: AssertionError</failure></testcase></testsuite></testsuites>